Arguments: 
  /Users/vlecoq-v/.brew/Cellar/node/12.4.0/bin/node /Users/vlecoq-v/.brew/Cellar/yarn/1.17.0/libexec/bin/yarn.js install

PATH: 
  /Users/vlecoq-v/.brew/bin:/Users/vlecoq-v/.brew/bin:/sgoinfre/goinfre/Perso/vlecoq-v/miniconda3/bin:/usr/bin:/bin:/usr/sbin:/sbin:/usr/local/bin:/Library/Frameworks/Mono.framework/Versions/Current/Commands:/usr/local/munki:/sgoinfre/goinfre/Perso/vlecoq-v/miniconda3/bin

Yarn version: 
  1.17.0

Node version: 
  12.4.0

Platform: 
  darwin x64

Trace: 
  Error: ENOSPC: no space left on device, copyfile '/Users/vlecoq-v/Library/Caches/Yarn/v4/npm-typescript-3.7.3-b36840668a16458a7025b9eabfad11b66ab85c69/node_modules/typescript/lib/typescript.js' -> '/Users/vlecoq-v/42/3615Tube/server/node_modules/typescript/lib/typescript.js'

npm manifest: 
  {
    "name": "@3615tube/server",
    "version": "0.0.1",
    "description": "Awesome project developed with TypeORM.",
    "repository": {
      "type": "git",
      "url": "git+https://github.com/MrOrgani/3615Tube.git/server"
    },
    "keywords": [],
    "author": "morgani, vlecoq-v",
    "license": "ISC",
    "devDependencies": {
      "@types/node": "^12.12.14",
      "ts-node": "8.5.2"
    },
    "dependencies": {
      "@types/bcryptjs": "^2.4.2",
      "@types/jest": "^24.0.23",
      "@types/uuid": "^3.4.6",
      "bcryptjs": "^2.4.3",
      "graphql-import": "^0.7.1",
      "graphql-request": "^1.8.2",
      "graphql-yoga": "^1.18.3",
      "jest": "^24.9.0",
      "js": "^0.1.0",
      "nodemon": "^2.0.1",
      "pg": "^7.14.0",
      "reflect-metadata": "^0.1.13",
      "ts-jest": "^24.2.0",
      "tslint": "^5.20.1",
      "tslint-config-prettier": "^1.18.0",
      "typeorm": "0.2.20",
      "typescript": "^3.7.2",
      "uuid": "^3.3.3"
    },
    "scripts": {
      "start": "nodemon -L --exec ts-node --files src/index.ts",
      "typeorm": "ts-node ../node_modules/.bin/typeorm",
      "test": "jest",
      "gen-schema-types": "gql2ts src/schema.graphql -o src/types/schema.d.ts"
    },
    "jest": {
      "preset": "ts-jest",
      "transform": {
        "^.+\\.tsx?$": "ts-jest"
      },
      "testRegex": "(/__tests__/.*|(\\.|/)(test|spec))\\.(jsx?|tsx?)$",
      "moduleFileExtensions": [
        "ts",
        "tsx",
        "js",
        "jsx",
        "json",
        "node"
      ]
    }
  }

yarn manifest: 
  No manifest

Lockfile: 
  No lockfile
